<?xml version="1.0" encoding="UTF-8"?>
<coverage generated="1682200462328" clover="3.2.0">
  <project timestamp="1682200462328" name="All files">
    <metrics statements="11" coveredstatements="11" conditionals="19" coveredconditionals="19" methods="5" coveredmethods="5" elements="35" coveredelements="35" complexity="0" loc="11" ncloc="11" packages="1" files="1" classes="1"/>
    <file name="index.js" path="E:\Coding\My Works\Tutorial\Jest\js\index.js">
      <metrics statements="11" coveredstatements="11" conditionals="19" coveredconditionals="19" methods="5" coveredmethods="5"/>
      <line num="1" count="5" type="stmt"/>
      <line num="2" count="5" type="cond" truecount="4" falsecount="0"/>
      <line num="4" count="12" type="cond" truecount="5" falsecount="0"/>
      <line num="5" count="13" type="stmt"/>
      <line num="7" count="5" type="stmt"/>
      <line num="8" count="7" type="cond" truecount="2" falsecount="0"/>
      <line num="9" count="6" type="cond" truecount="4" falsecount="0"/>
      <line num="10" count="3" type="cond" truecount="2" falsecount="0"/>
      <line num="11" count="2" type="cond" truecount="2" falsecount="0"/>
      <line num="12" count="1" type="stmt"/>
      <line num="15" count="5" type="stmt"/>
    </file>
  </project>
</coverage>
