{"E:\\Coding\\My Works\\Tutorial\\Jest\\js\\index.js": {"path":"E:\\Coding\\My Works\\Tutorial\\Jest\\js\\index.js","statementMap":{"0":{"start":{"line":1,"column":12},"end":{"line":1,"column":30}},"1":{"start":{"line":2,"column":17},"end":{"line":2,"column":139}},"2":{"start":{"line":2,"column":31},"end":{"line":2,"column":138}},"3":{"start":{"line":4,"column":12},"end":{"line":4,"column":76}},"4":{"start":{"line":4,"column":41},"end":{"line":4,"column":76}},"5":{"start":{"line":5,"column":20},"end":{"line":5,"column":74}},"6":{"start":{"line":5,"column":33},"end":{"line":5,"column":74}},"7":{"start":{"line":5,"column":60},"end":{"line":5,"column":70}},"8":{"start":{"line":7,"column":22},"end":{"line":13,"column":1}},"9":{"start":{"line":8,"column":1},"end":{"line":12,"column":18}},"10":{"start":{"line":8,"column":12},"end":{"line":8,"column":29}},"11":{"start":{"line":9,"column":6},"end":{"line":12,"column":18}},"12":{"start":{"line":9,"column":54},"end":{"line":9,"column":73}},"13":{"start":{"line":10,"column":6},"end":{"line":12,"column":18}},"14":{"start":{"line":10,"column":28},"end":{"line":10,"column":61}},"15":{"start":{"line":11,"column":6},"end":{"line":12,"column":18}},"16":{"start":{"line":11,"column":32},"end":{"line":11,"column":82}},"17":{"start":{"line":12,"column":6},"end":{"line":12,"column":18}},"18":{"start":{"line":15,"column":0},"end":{"line":15,"column":68}}},"fnMap":{"0":{"name":"(anonymous_0)","decl":{"start":{"line":2,"column":17},"end":{"line":2,"column":18}},"loc":{"start":{"line":2,"column":31},"end":{"line":2,"column":138}},"line":2},"1":{"name":"(anonymous_1)","decl":{"start":{"line":4,"column":12},"end":{"line":4,"column":13}},"loc":{"start":{"line":4,"column":41},"end":{"line":4,"column":76}},"line":4},"2":{"name":"(anonymous_2)","decl":{"start":{"line":5,"column":20},"end":{"line":5,"column":21}},"loc":{"start":{"line":5,"column":33},"end":{"line":5,"column":74}},"line":5},"3":{"name":"(anonymous_3)","decl":{"start":{"line":5,"column":45},"end":{"line":5,"column":46}},"loc":{"start":{"line":5,"column":60},"end":{"line":5,"column":70}},"line":5},"4":{"name":"(anonymous_4)","decl":{"start":{"line":7,"column":22},"end":{"line":7,"column":23}},"loc":{"start":{"line":7,"column":32},"end":{"line":13,"column":1}},"line":7}},"branchMap":{"0":{"loc":{"start":{"line":2,"column":31},"end":{"line":2,"column":138}},"type":"cond-expr","locations":[{"start":{"line":2,"column":61},"end":{"line":2,"column":78}},{"start":{"line":2,"column":81},"end":{"line":2,"column":138}}],"line":2},"1":{"loc":{"start":{"line":2,"column":81},"end":{"line":2,"column":138}},"type":"cond-expr","locations":[{"start":{"line":2,"column":111},"end":{"line":2,"column":123}},{"start":{"line":2,"column":126},"end":{"line":2,"column":138}}],"line":2},"2":{"loc":{"start":{"line":4,"column":25},"end":{"line":4,"column":36}},"type":"default-arg","locations":[{"start":{"line":4,"column":32},"end":{"line":4,"column":36}}],"line":4},"3":{"loc":{"start":{"line":4,"column":42},"end":{"line":4,"column":51}},"type":"binary-expr","locations":[{"start":{"line":4,"column":42},"end":{"line":4,"column":46}},{"start":{"line":4,"column":50},"end":{"line":4,"column":51}}],"line":4},"4":{"loc":{"start":{"line":4,"column":56},"end":{"line":4,"column":68}},"type":"binary-expr","locations":[{"start":{"line":4,"column":56},"end":{"line":4,"column":60}},{"start":{"line":4,"column":64},"end":{"line":4,"column":68}}],"line":4},"5":{"loc":{"start":{"line":8,"column":1},"end":{"line":12,"column":18}},"type":"if","locations":[{"start":{"line":8,"column":1},"end":{"line":12,"column":18}},{"start":{"line":9,"column":6},"end":{"line":12,"column":18}}],"line":8},"6":{"loc":{"start":{"line":9,"column":6},"end":{"line":12,"column":18}},"type":"if","locations":[{"start":{"line":9,"column":6},"end":{"line":12,"column":18}},{"start":{"line":10,"column":6},"end":{"line":12,"column":18}}],"line":9},"7":{"loc":{"start":{"line":9,"column":10},"end":{"line":9,"column":52}},"type":"binary-expr","locations":[{"start":{"line":9,"column":10},"end":{"line":9,"column":30}},{"start":{"line":9,"column":34},"end":{"line":9,"column":52}}],"line":9},"8":{"loc":{"start":{"line":10,"column":6},"end":{"line":12,"column":18}},"type":"if","locations":[{"start":{"line":10,"column":6},"end":{"line":12,"column":18}},{"start":{"line":11,"column":6},"end":{"line":12,"column":18}}],"line":10},"9":{"loc":{"start":{"line":11,"column":6},"end":{"line":12,"column":18}},"type":"if","locations":[{"start":{"line":11,"column":6},"end":{"line":12,"column":18}},{"start":{"line":12,"column":6},"end":{"line":12,"column":18}}],"line":11}},"s":{"0":5,"1":5,"2":4,"3":5,"4":12,"5":5,"6":2,"7":13,"8":5,"9":7,"10":1,"11":6,"12":3,"13":3,"14":1,"15":2,"16":1,"17":1,"18":5},"f":{"0":4,"1":12,"2":2,"3":13,"4":7},"b":{"0":[1,3],"1":[1,2],"2":[9],"3":[12,3],"4":[12,6],"5":[1,6],"6":[3,3],"7":[6,4],"8":[1,2],"9":[1,1]},"_coverageSchema":"1a1c01bbd47fc00a2c39e90264f33305004495a9","hash":"f93751406850845942ebf6099d060a810e709e58"}
}
