TN:
SF:js\index.js
FN:2,(anonymous_0)
FN:4,(anonymous_1)
FN:5,(anonymous_2)
FN:5,(anonymous_3)
FN:7,(anonymous_4)
FNF:5
FNH:5
FNDA:4,(anonymous_0)
FNDA:12,(anonymous_1)
FNDA:2,(anonymous_2)
FNDA:13,(anonymous_3)
FNDA:7,(anonymous_4)
DA:1,5
DA:2,5
DA:4,12
DA:5,13
DA:7,5
DA:8,7
DA:9,6
DA:10,3
DA:11,2
DA:12,1
DA:15,5
LF:11
LH:11
BRDA:2,0,0,1
BRDA:2,0,1,3
BRDA:2,1,0,1
BRDA:2,1,1,2
BRDA:4,2,0,9
BRDA:4,3,0,12
BRDA:4,3,1,3
BRDA:4,4,0,12
BRDA:4,4,1,6
BRDA:8,5,0,1
BRDA:8,5,1,6
BRDA:9,6,0,3
BRDA:9,6,1,3
BRDA:9,7,0,6
BRDA:9,7,1,4
BRDA:10,8,0,1
BRDA:10,8,1,2
BRDA:11,9,0,1
BRDA:11,9,1,1
BRF:19
BRH:19
end_of_record
